<?xml version="1.0" encoding="UTF-8"?>
<!-- Generated by org.testng.reporters.JUnitReportReporter -->
<testsuite hostname="anils-MSI-Prestige14" failures="0" tests="2" name="rahulshettyacademy.tests.ErrorValidationsTest" time="14.580" errors="0" timestamp="2024-12-15T15:25:14 EST" skipped="0">
  <testcase classname="rahulshettyacademy.tests.ErrorValidationsTest" name="ProductErrorValidation" time="8.619"/>
  <testcase classname="rahulshettyacademy.tests.ErrorValidationsTest" name="LoginErrorValidation" time="5.961"/>
</testsuite> <!-- rahulshettyacademy.tests.ErrorValidationsTest -->
