<?xml version="1.0" encoding="UTF-8"?>
<!-- Generated by org.testng.reporters.JUnitReportReporter -->
<testsuite hostname="anils-MSI-Prestige14" failures="0" tests="2" name="rahulshettyacademy.tests.ErrorValidationsTest" time="16.746" errors="0" timestamp="2024-11-13T20:11:06 EST" skipped="0">
  <testcase classname="rahulshettyacademy.tests.ErrorValidationsTest" name="ProductErrorValidation" time="8.291"/>
  <testcase classname="rahulshettyacademy.tests.ErrorValidationsTest" name="LoginErrorValidation" time="8.455"/>
</testsuite> <!-- rahulshettyacademy.tests.ErrorValidationsTest -->
