<?xml version="1.0" encoding="UTF-8"?>
<!-- Generated by org.testng.reporters.JUnitReportReporter -->
<testsuite hostname="anils-MSI-Prestige14" failures="0" tests="2" name="rahulshettyacademy.tests.ErrorValidationsTest" time="17.192" errors="0" timestamp="2024-11-14T09:47:01 EST" skipped="0">
  <testcase classname="rahulshettyacademy.tests.ErrorValidationsTest" name="LoginErrorValidation" time="7.137"/>
  <testcase classname="rahulshettyacademy.tests.ErrorValidationsTest" name="ProductErrorValidation" time="10.055"/>
</testsuite> <!-- rahulshettyacademy.tests.ErrorValidationsTest -->
