<?xml version="1.0" encoding="UTF-8"?>
<!-- Generated by org.testng.reporters.JUnitReportReporter -->
<testsuite hostname="anils-MSI-Prestige14" failures="0" tests="3" name="rahulshettyacademy.tests.SubmitOrderTest" time="26.098" errors="0" timestamp="2024-11-14T09:47:01 EST" skipped="0">
  <testcase classname="rahulshettyacademy.tests.SubmitOrderTest" name="submitOrder" time="9.257"/>
  <testcase classname="rahulshettyacademy.tests.SubmitOrderTest" name="submitOrder" time="9.142"/>
  <testcase classname="rahulshettyacademy.tests.SubmitOrderTest" name="OrderHistoryTest" time="7.699"/>
</testsuite> <!-- rahulshettyacademy.tests.SubmitOrderTest -->
